#
# There is insufficient memory for the Java Runtime Environment to continue.
# Native memory allocation (mmap) failed to map 2147483648 bytes for committing reserved memory.
# Possible reasons:
#   The system is out of physical RAM or swap space
#   The process is running with CompressedOops enabled, and the Java Heap may be blocking the growth of the native heap
# Possible solutions:
#   Reduce memory load on the system
#   Increase physical memory or swap space
#   Check if swap backing store is full
#   Decrease Java heap size (-Xmx/-Xms)
#   Decrease number of Java threads
#   Decrease Java thread stack sizes (-Xss)
#   Set larger code cache with -XX:ReservedCodeCacheSize=
# This output file may be truncated or incomplete.
#
#  Out of Memory Error (os_linux.cpp:2805), pid=9032, tid=9036
#
# JRE version:  (13.0.2+8) (build )
# Java VM: Java HotSpot(TM) 64-Bit Server VM (13.0.2+8, mixed mode, aot, sharing, tiered, compressed oops, g1 gc, linux-amd64)
# No core dump will be written. Core dumps have been disabled. To enable core dumping, try "ulimit -c unlimited" before starting Java again
#

---------------  S U M M A R Y ------------

Command Line: -Xmx3g -Xms2g -XX:TieredStopAtLevel=1 -Xverify:none -Dspring.output.ansi.enabled=always -Dcom.sun.management.jmxremote -Dspring.jmx.enabled=true -Dspring.liveBeansView.mbeanDomain -Dspring.application.admin.enabled=true -javaagent:/home/someone/Documents/idea/lib/idea_rt.jar=43565:/home/someone/Documents/idea/bin -Dfile.encoding=UTF-8 com.amberlight.cloud.svcpost.PostServiceApplication

Host: Intel(R) Core(TM) i5-8400 CPU @ 2.80GHz, 6 cores, 15G, Debian GNU/Linux 10 (buster)
Time: Sat Oct 10 21:25:01 2020 EEST elapsed time: 0 seconds (0d 0h 0m 0s)

---------------  T H R E A D  ---------------

Current thread (0x00007fb5d001f800):  JavaThread "Unknown thread" [_thread_in_vm, id=9036, stack(0x00007fb5d7f6c000,0x00007fb5d806d000)]

Stack: [0x00007fb5d7f6c000,0x00007fb5d806d000],  sp=0x00007fb5d806b340,  free space=1020k
Native frames: (J=compiled Java code, A=aot compiled Java code, j=interpreted, Vv=VM code, C=native code)
V  [libjvm.so+0xdbe957]  VMError::report_and_die(int, char const*, char const*, __va_list_tag*, Thread*, unsigned char*, void*, void*, char const*, int, unsigned long)+0x377
V  [libjvm.so+0xdbf50b]  VMError::report_and_die(Thread*, char const*, int, unsigned long, VMErrorType, char const*, __va_list_tag*)+0x2b
V  [libjvm.so+0x628625]  report_vm_out_of_memory(char const*, int, unsigned long, VMErrorType, char const*, ...)+0xc5
V  [libjvm.so+0xba41c8]  os::pd_commit_memory_or_exit(char*, unsigned long, unsigned long, bool, char const*)+0xd8
V  [libjvm.so+0xb9af2d]  os::commit_memory_or_exit(char*, unsigned long, unsigned long, bool, char const*)+0x1d
V  [libjvm.so+0x75444c]  G1PageBasedVirtualSpace::commit_preferred_pages(unsigned long, unsigned long)+0x6c
V  [libjvm.so+0x754854]  G1PageBasedVirtualSpace::commit(unsigned long, unsigned long)+0x174
V  [libjvm.so+0x75ffc6]  G1RegionsLargerThanCommitSizeMapper::commit_regions(unsigned int, unsigned long, WorkGang*)+0x46
V  [libjvm.so+0x7d516e]  HeapRegionManager::commit_regions(unsigned int, unsigned long, WorkGang*)+0x4e
V  [libjvm.so+0x7d5e70]  HeapRegionManager::make_regions_available(unsigned int, unsigned int, WorkGang*)+0x30
V  [libjvm.so+0x7d6397]  HeapRegionManager::expand_at(unsigned int, unsigned int, WorkGang*)+0xf7
V  [libjvm.so+0x70c220]  G1CollectedHeap::expand(unsigned long, WorkGang*, double*)+0xe0
V  [libjvm.so+0x70c9eb]  G1CollectedHeap::initialize()+0x74b
V  [libjvm.so+0xd7eae7]  Universe::initialize_heap()+0x27
V  [libjvm.so+0xd7eb9b]  universe_init()+0x7b
V  [libjvm.so+0x7f87a7]  init_globals()+0x57
V  [libjvm.so+0xd589f2]  Threads::create_vm(JavaVMInitArgs*, bool*)+0x372
V  [libjvm.so+0x89eed1]  JNI_CreateJavaVM+0x51
C  [libjli.so+0x399f]  JavaMain+0x7f
C  [libjli.so+0x8669]  ThreadJavaMain+0x9


---------------  P R O C E S S  ---------------

Threads class SMR info:
_java_thread_list=0x00007fb5d9422500, length=0, elements={
}

Java Threads: ( => current thread )

Other Threads:
  0x00007fb5d0087000 GCTaskThread "GC Thread#0" [stack: 0x00007fb5d6342000,0x00007fb5d6442000] [id=9038]
  0x00007fb5d00a1000 ConcurrentGCThread "G1 Main Marker" [stack: 0x00007fb5d6240000,0x00007fb5d6340000] [id=9039]
  0x00007fb5d00a3000 ConcurrentGCThread "G1 Conc#0" [stack: 0x00007fb5d613e000,0x00007fb5d623e000] [id=9042]

[error occurred during error reporting (printing all threads), id 0xb, SIGSEGV (0xb) at pc=0x00007fb5d8917df0]

VM state:not at safepoint (not fully initialized)

VM Mutex/Monitor currently owned by a thread:  ([mutex/lock_event])
[0x00007fb5d001be10] Heap_lock - owner thread: 0x00007fb5d001f800

Heap address: 0x0000000740000000, size: 3072 MB, Compressed Oops mode: Non-zero based: 0x0000000740000000
Narrow klass base: 0x0000000000000000, Narrow klass shift: 0

GC Heap History (0 events):
No events

Deoptimization events (0 events):
No events

Classes unloaded (0 events):
No events

Classes redefined (0 events):
No events

Internal exceptions (0 events):
No events

Events (9 events):
Event: 0.001 Protecting memory [0x00007fb5d7f6c000,0x00007fb5d7f70000] with protection modes 0
Event: 0.001 Loaded shared library /usr/lib/jvm/jdk-13.0.2/lib/libzip.so
Event: 0.001 Loaded shared library /usr/lib/jvm/jdk-13.0.2/lib/libjimage.so
Event: 0.001 Loading shared library /usr/lib/jvm/jdk-13.0.2/lib/libjava.base-coop.so failed, /usr/lib/jvm/jdk-13.0.2/lib/libjava.base-coop.so: cannot open shared object file: No such file or directory
Event: 0.001 Loading shared library /usr/lib/jvm/jdk-13.0.2/lib/libjava.logging-coop.so failed, /usr/lib/jvm/jdk-13.0.2/lib/libjava.logging-coop.so: cannot open shared object file: No such file or directory
Event: 0.001 Loading shared library /usr/lib/jvm/jdk-13.0.2/lib/libjdk.compiler-coop.so failed, /usr/lib/jvm/jdk-13.0.2/lib/libjdk.compiler-coop.so: cannot open shared object file: No such file or directory
Event: 0.001 Loading shared library /usr/lib/jvm/jdk-13.0.2/lib/libjdk.scripting.nashorn-coop.so failed, /usr/lib/jvm/jdk-13.0.2/lib/libjdk.scripting.nashorn-coop.so: cannot open shared object file: No such file or directory
Event: 0.001 Loading shared library /usr/lib/jvm/jdk-13.0.2/lib/libjdk.internal.vm.ci-coop.so failed, /usr/lib/jvm/jdk-13.0.2/lib/libjdk.internal.vm.ci-coop.so: cannot open shared object file: No such file or directory
Event: 0.001 Loading shared library /usr/lib/jvm/jdk-13.0.2/lib/libjdk.internal.vm.compiler-coop.so failed, /usr/lib/jvm/jdk-13.0.2/lib/libjdk.internal.vm.compiler-coop.so: cannot open shared object file: No such file or directory


Dynamic libraries:
00400000-00401000 r-xp 00000000 08:05 2771673                            /usr/lib/jvm/jdk-13.0.2/bin/java
00401000-00402000 r--p 00000000 08:05 2771673                            /usr/lib/jvm/jdk-13.0.2/bin/java
00402000-00403000 rw-p 00001000 08:05 2771673                            /usr/lib/jvm/jdk-13.0.2/bin/java
0221b000-0225d000 rw-p 00000000 00:00 0                                  [heap]
7c0000000-800000000 ---p 00000000 00:00 0 
7fb5a4000000-7fb5a4021000 rw-p 00000000 00:00 0 
7fb5a4021000-7fb5a8000000 ---p 00000000 00:00 0 
7fb5a8000000-7fb5a8021000 rw-p 00000000 00:00 0 
7fb5a8021000-7fb5ac000000 ---p 00000000 00:00 0 
7fb5ac000000-7fb5ac021000 rw-p 00000000 00:00 0 
7fb5ac021000-7fb5b0000000 ---p 00000000 00:00 0 
7fb5b21a2000-7fb5b2a6c000 rw-p 00000000 00:00 0 
7fb5b2a6c000-7fb5b8a6c000 ---p 00000000 00:00 0 
7fb5b8a6c000-7fb5b8cdc000 rwxp 00000000 00:00 0 
7fb5b8cdc000-7fb5b9113000 ---p 00000000 00:00 0 
7fb5b9113000-7fb5b9383000 rwxp 00000000 00:00 0 
7fb5b9383000-7fb5c7a6c000 ---p 00000000 00:00 0 
7fb5c7a6c000-7fb5d0000000 r--s 00000000 08:05 2912612                    /usr/lib/jvm/jdk-13.0.2/lib/modules
7fb5d0000000-7fb5d00c9000 rw-p 00000000 00:00 0 
7fb5d00c9000-7fb5d4000000 ---p 00000000 00:00 0 
7fb5d403b000-7fb5d613c000 rw-p 00000000 00:00 0 
7fb5d613c000-7fb5d613d000 ---p 00000000 00:00 0 
7fb5d613d000-7fb5d623e000 rw-p 00000000 00:00 0 
7fb5d623e000-7fb5d623f000 ---p 00000000 00:00 0 
7fb5d623f000-7fb5d6340000 rw-p 00000000 00:00 0 
7fb5d6340000-7fb5d6341000 ---p 00000000 00:00 0 
7fb5d6341000-7fb5d6509000 rw-p 00000000 00:00 0 
7fb5d6509000-7fb5d7709000 ---p 00000000 00:00 0 
7fb5d7709000-7fb5d7d14000 rw-p 00000000 00:00 0 
7fb5d7d14000-7fb5d7ee2000 ---p 00000000 00:00 0 
7fb5d7ee2000-7fb5d7efd000 r-xp 00000000 08:05 2912592                    /usr/lib/jvm/jdk-13.0.2/lib/libjimage.so
7fb5d7efd000-7fb5d7efe000 ---p 0001b000 08:05 2912592                    /usr/lib/jvm/jdk-13.0.2/lib/libjimage.so
7fb5d7efe000-7fb5d7f00000 r--p 0001b000 08:05 2912592                    /usr/lib/jvm/jdk-13.0.2/lib/libjimage.so
7fb5d7f00000-7fb5d7f01000 rw-p 0001d000 08:05 2912592                    /usr/lib/jvm/jdk-13.0.2/lib/libjimage.so
7fb5d7f01000-7fb5d7f04000 r--p 00000000 08:05 269626                     /usr/lib/x86_64-linux-gnu/libnss_files-2.28.so
7fb5d7f04000-7fb5d7f0b000 r-xp 00003000 08:05 269626                     /usr/lib/x86_64-linux-gnu/libnss_files-2.28.so
7fb5d7f0b000-7fb5d7f0d000 r--p 0000a000 08:05 269626                     /usr/lib/x86_64-linux-gnu/libnss_files-2.28.so
7fb5d7f0d000-7fb5d7f0e000 ---p 0000c000 08:05 269626                     /usr/lib/x86_64-linux-gnu/libnss_files-2.28.so
7fb5d7f0e000-7fb5d7f0f000 r--p 0000c000 08:05 269626                     /usr/lib/x86_64-linux-gnu/libnss_files-2.28.so
7fb5d7f0f000-7fb5d7f10000 rw-p 0000d000 08:05 269626                     /usr/lib/x86_64-linux-gnu/libnss_files-2.28.so
7fb5d7f10000-7fb5d7f16000 rw-p 00000000 00:00 0 
7fb5d7f19000-7fb5d7f1e000 rw-p 00000000 00:00 0 
7fb5d7f1e000-7fb5d7f27000 ---p 00000000 00:00 0 
7fb5d7f27000-7fb5d7f2e000 r-xp 00000000 08:05 2912611                    /usr/lib/jvm/jdk-13.0.2/lib/libzip.so
7fb5d7f2e000-7fb5d7f2f000 r--p 00006000 08:05 2912611                    /usr/lib/jvm/jdk-13.0.2/lib/libzip.so
7fb5d7f2f000-7fb5d7f30000 rw-p 00007000 08:05 2912611                    /usr/lib/jvm/jdk-13.0.2/lib/libzip.so
7fb5d7f30000-7fb5d7f38000 rw-s 00000000 08:05 1200510                    /tmp/hsperfdata_root/9032
7fb5d7f38000-7fb5d7f5f000 r-xp 00000000 08:05 2912588                    /usr/lib/jvm/jdk-13.0.2/lib/libjava.so
7fb5d7f5f000-7fb5d7f60000 r--p 00026000 08:05 2912588                    /usr/lib/jvm/jdk-13.0.2/lib/libjava.so
7fb5d7f60000-7fb5d7f62000 rw-p 00027000 08:05 2912588                    /usr/lib/jvm/jdk-13.0.2/lib/libjava.so
7fb5d7f62000-7fb5d7f64000 r--p 00000000 08:05 269913                     /usr/lib/x86_64-linux-gnu/librt-2.28.so
7fb5d7f64000-7fb5d7f68000 r-xp 00002000 08:05 269913                     /usr/lib/x86_64-linux-gnu/librt-2.28.so
7fb5d7f68000-7fb5d7f6a000 r--p 00006000 08:05 269913                     /usr/lib/x86_64-linux-gnu/librt-2.28.so
7fb5d7f6a000-7fb5d7f6b000 r--p 00007000 08:05 269913                     /usr/lib/x86_64-linux-gnu/librt-2.28.so
7fb5d7f6b000-7fb5d7f6c000 rw-p 00008000 08:05 269913                     /usr/lib/x86_64-linux-gnu/librt-2.28.so
7fb5d7f6c000-7fb5d7f70000 ---p 00000000 00:00 0 
7fb5d7f70000-7fb5d806d000 rw-p 00000000 00:00 0 
7fb5d806d000-7fb5d807a000 r--p 00000000 08:05 269457                     /usr/lib/x86_64-linux-gnu/libm-2.28.so
7fb5d807a000-7fb5d8119000 r-xp 0000d000 08:05 269457                     /usr/lib/x86_64-linux-gnu/libm-2.28.so
7fb5d8119000-7fb5d81ee000 r--p 000ac000 08:05 269457                     /usr/lib/x86_64-linux-gnu/libm-2.28.so
7fb5d81ee000-7fb5d81ef000 r--p 00180000 08:05 269457                     /usr/lib/x86_64-linux-gnu/libm-2.28.so
7fb5d81ef000-7fb5d81f0000 rw-p 00181000 08:05 269457                     /usr/lib/x86_64-linux-gnu/libm-2.28.so
7fb5d81f0000-7fb5d92b0000 r-xp 00000000 08:05 2912623                    /usr/lib/jvm/jdk-13.0.2/lib/server/libjvm.so
7fb5d92b0000-7fb5d92b1000 ---p 010c0000 08:05 2912623                    /usr/lib/jvm/jdk-13.0.2/lib/server/libjvm.so
7fb5d92b1000-7fb5d9372000 r--p 010c0000 08:05 2912623                    /usr/lib/jvm/jdk-13.0.2/lib/server/libjvm.so
7fb5d9372000-7fb5d93ac000 rw-p 01181000 08:05 2912623                    /usr/lib/jvm/jdk-13.0.2/lib/server/libjvm.so
7fb5d93ac000-7fb5d9430000 rw-p 00000000 00:00 0 
7fb5d9430000-7fb5d9452000 r--p 00000000 08:05 268572                     /usr/lib/x86_64-linux-gnu/libc-2.28.so
7fb5d9452000-7fb5d959a000 r-xp 00022000 08:05 268572                     /usr/lib/x86_64-linux-gnu/libc-2.28.so
7fb5d959a000-7fb5d95e6000 r--p 0016a000 08:05 268572                     /usr/lib/x86_64-linux-gnu/libc-2.28.so
7fb5d95e6000-7fb5d95e7000 ---p 001b6000 08:05 268572                     /usr/lib/x86_64-linux-gnu/libc-2.28.so
7fb5d95e7000-7fb5d95eb000 r--p 001b6000 08:05 268572                     /usr/lib/x86_64-linux-gnu/libc-2.28.so
7fb5d95eb000-7fb5d95ed000 rw-p 001ba000 08:05 268572                     /usr/lib/x86_64-linux-gnu/libc-2.28.so
7fb5d95ed000-7fb5d95f1000 rw-p 00000000 00:00 0 
7fb5d95f1000-7fb5d95f2000 r--p 00000000 08:05 268713                     /usr/lib/x86_64-linux-gnu/libdl-2.28.so
7fb5d95f2000-7fb5d95f3000 r-xp 00001000 08:05 268713                     /usr/lib/x86_64-linux-gnu/libdl-2.28.so
7fb5d95f3000-7fb5d95f4000 r--p 00002000 08:05 268713                     /usr/lib/x86_64-linux-gnu/libdl-2.28.so
7fb5d95f4000-7fb5d95f5000 r--p 00002000 08:05 268713                     /usr/lib/x86_64-linux-gnu/libdl-2.28.so
7fb5d95f5000-7fb5d95f6000 rw-p 00003000 08:05 268713                     /usr/lib/x86_64-linux-gnu/libdl-2.28.so
7fb5d95f6000-7fb5d95fc000 r--p 00000000 08:05 269836                     /usr/lib/x86_64-linux-gnu/libpthread-2.28.so
7fb5d95fc000-7fb5d960b000 r-xp 00006000 08:05 269836                     /usr/lib/x86_64-linux-gnu/libpthread-2.28.so
7fb5d960b000-7fb5d9611000 r--p 00015000 08:05 269836                     /usr/lib/x86_64-linux-gnu/libpthread-2.28.so
7fb5d9611000-7fb5d9612000 r--p 0001a000 08:05 269836                     /usr/lib/x86_64-linux-gnu/libpthread-2.28.so
7fb5d9612000-7fb5d9613000 rw-p 0001b000 08:05 269836                     /usr/lib/x86_64-linux-gnu/libpthread-2.28.so
7fb5d9613000-7fb5d9617000 rw-p 00000000 00:00 0 
7fb5d9617000-7fb5d9626000 r-xp 00000000 08:05 2912593                    /usr/lib/jvm/jdk-13.0.2/lib/libjli.so
7fb5d9626000-7fb5d9627000 r--p 0000e000 08:05 2912593                    /usr/lib/jvm/jdk-13.0.2/lib/libjli.so
7fb5d9627000-7fb5d9628000 rw-p 0000f000 08:05 2912593                    /usr/lib/jvm/jdk-13.0.2/lib/libjli.so
7fb5d9628000-7fb5d9644000 r-xp 00000000 08:05 270330                     /usr/lib/x86_64-linux-gnu/libz.so.1.2.11
7fb5d9644000-7fb5d9844000 ---p 0001c000 08:05 270330                     /usr/lib/x86_64-linux-gnu/libz.so.1.2.11
7fb5d9844000-7fb5d9845000 r--p 0001c000 08:05 270330                     /usr/lib/x86_64-linux-gnu/libz.so.1.2.11
7fb5d9845000-7fb5d9846000 rw-p 0001d000 08:05 270330                     /usr/lib/x86_64-linux-gnu/libz.so.1.2.11
7fb5d9846000-7fb5d9848000 rw-p 00000000 00:00 0 
7fb5d984b000-7fb5d9855000 r-xp 00000000 08:05 2912583                    /usr/lib/jvm/jdk-13.0.2/lib/libinstrument.so
7fb5d9855000-7fb5d9856000 r--p 00009000 08:05 2912583                    /usr/lib/jvm/jdk-13.0.2/lib/libinstrument.so
7fb5d9856000-7fb5d9857000 rw-p 0000a000 08:05 2912583                    /usr/lib/jvm/jdk-13.0.2/lib/libinstrument.so
7fb5d9857000-7fb5d9858000 ---p 00000000 00:00 0 
7fb5d9858000-7fb5d9859000 r--p 00000000 00:00 0 
7fb5d9859000-7fb5d985a000 ---p 00000000 00:00 0 
7fb5d985a000-7fb5d9867000 r-xp 00000000 08:05 2912610                    /usr/lib/jvm/jdk-13.0.2/lib/libverify.so
7fb5d9867000-7fb5d9869000 r--p 0000c000 08:05 2912610                    /usr/lib/jvm/jdk-13.0.2/lib/libverify.so
7fb5d9869000-7fb5d986a000 rw-p 0000e000 08:05 2912610                    /usr/lib/jvm/jdk-13.0.2/lib/libverify.so
7fb5d986a000-7fb5d986b000 r--p 00000000 08:05 267598                     /usr/lib/x86_64-linux-gnu/ld-2.28.so
7fb5d986b000-7fb5d9889000 r-xp 00001000 08:05 267598                     /usr/lib/x86_64-linux-gnu/ld-2.28.so
7fb5d9889000-7fb5d9891000 r--p 0001f000 08:05 267598                     /usr/lib/x86_64-linux-gnu/ld-2.28.so
7fb5d9891000-7fb5d9892000 r--p 00026000 08:05 267598                     /usr/lib/x86_64-linux-gnu/ld-2.28.so
7fb5d9892000-7fb5d9893000 rw-p 00027000 08:05 267598                     /usr/lib/x86_64-linux-gnu/ld-2.28.so
7fb5d9893000-7fb5d9894000 rw-p 00000000 00:00 0 
7ffc80b81000-7ffc80ba8000 rw-p 00000000 00:00 0                          [stack]
7ffc80bd9000-7ffc80bdc000 r--p 00000000 00:00 0                          [vvar]
7ffc80bdc000-7ffc80bde000 r-xp 00000000 00:00 0                          [vdso]


VM Arguments:
jvm_args: -Xmx3g -Xms2g -XX:TieredStopAtLevel=1 -Xverify:none -Dspring.output.ansi.enabled=always -Dcom.sun.management.jmxremote -Dspring.jmx.enabled=true -Dspring.liveBeansView.mbeanDomain -Dspring.application.admin.enabled=true -javaagent:/home/someone/Documents/idea/lib/idea_rt.jar=43565:/home/someone/Documents/idea/bin -Dfile.encoding=UTF-8 
java_command: com.amberlight.cloud.svcpost.PostServiceApplication
java_class_path (initial): /home/someone/Documents/idea_projects/blog/svc-post/target/classes:/home/someone/Documents/idea_projects/blog/struct/target/classes:/root/.m2/repository/org/springframework/kafka/spring-kafka/2.5.5.RELEASE/spring-kafka-2.5.5.RELEASE.jar:/root/.m2/repository/org/springframework/spring-context/5.2.8.RELEASE/spring-context-5.2.8.RELEASE.jar:/root/.m2/repository/org/springframework/spring-beans/5.2.8.RELEASE/spring-beans-5.2.8.RELEASE.jar:/root/.m2/repository/org/springframework/spring-expression/5.2.8.RELEASE/spring-expression-5.2.8.RELEASE.jar:/root/.m2/repository/org/springframework/spring-messaging/5.2.8.RELEASE/spring-messaging-5.2.8.RELEASE.jar:/root/.m2/repository/org/springframework/spring-tx/5.2.8.RELEASE/spring-tx-5.2.8.RELEASE.jar:/root/.m2/repository/org/springframework/retry/spring-retry/1.2.5.RELEASE/spring-retry-1.2.5.RELEASE.jar:/root/.m2/repository/org/apache/kafka/kafka-clients/2.5.1/kafka-clients-2.5.1.jar:/root/.m2/repository/com/github/luben/zstd-jni/1.4.4-7/zstd-jni-1.4.4-7.jar:/root/.m2/repository/org/lz4/lz4-java/1.7.1/lz4-java-1.7.1.jar:/root/.m2/repository/org/xerial/snappy/snappy-java/1.1.7.3/snappy-java-1.1.7.3.jar:/root/.m2/repository/org/slf4j/slf4j-api/1.7.30/slf4j-api-1.7.30.jar:/root/.m2/repository/org/springframework/boot/spring-boot-starter-data-elasticsearch/2.3.3.RELEASE/spring-boot-starter-data-elasticsearch-2.3.3.RELEASE.jar:/root/.m2/repository/org/springframework/boot/spring-boot-starter/2.3.3.RELEASE/spring-boot-starter-2.3.3.RELEASE.jar:/root/.m2/repository/org/springframework/boot/spring-boot/2.3.3.RELEASE/spring-boot-2.3.3.RELEASE.jar:/root/.m2/repository/org/springframework/boot/spring-boot-autoconfigure/2.3.3.RELEASE/spring-boot-autoconfigure-2.3.3.RELEASE.jar:/root/.m2/repository/org/springframework/boot/spring-boot-starter-logging/2.3.3.RELEASE/spring-boot-starter-logging-2.3.3.RELEASE.jar:/root/.m2/repository/ch/qos/logback/logback-classic/1.2.3/logback-classic-1.2.3.jar:/root/.m2/repository/
Launcher Type: SUN_STANDARD

[Global flags]
     intx CICompilerCount                          = 3                                         {product} {ergonomic}
     uint ConcGCThreads                            = 2                                         {product} {ergonomic}
     uint G1ConcRefinementThreads                  = 6                                         {product} {ergonomic}
   size_t G1HeapRegionSize                         = 1048576                                   {product} {ergonomic}
    uintx GCDrainStackTargetSize                   = 64                                        {product} {ergonomic}
   size_t InitialHeapSize                          = 2147483648                                {product} {command line}
     bool ManagementServer                         = true                                      {product} {command line}
   size_t MarkStackSize                            = 4194304                                   {product} {ergonomic}
   size_t MaxHeapSize                              = 3221225472                                {product} {command line}
   size_t MinHeapDeltaBytes                        = 1048576                                   {product} {ergonomic}
   size_t MinHeapSize                              = 2147483648                                {product} {command line}
    uintx NonNMethodCodeHeapSize                   = 6973028                                {pd product} {ergonomic}
    uintx NonProfiledCodeHeapSize                  = 244685212                              {pd product} {ergonomic}
    uintx ProfiledCodeHeapSize                     = 0                                      {pd product} {ergonomic}
    uintx ReservedCodeCacheSize                    = 251658240                              {pd product} {ergonomic}
     bool SegmentedCodeCache                       = true                                      {product} {ergonomic}
   size_t SoftMaxHeapSize                          = 3221225472                             {manageable} {ergonomic}
     intx TieredStopAtLevel                        = 1                                         {product} {command line}
     bool UseCompressedClassPointers               = true                                 {lp64_product} {ergonomic}
     bool UseCompressedOops                        = true                                 {lp64_product} {ergonomic}
     bool UseG1GC                                  = true                                      {product} {ergonomic}

Logging:
Log output configuration:
 #0: stdout all=warning uptime,level,tags
 #1: stderr all=off uptime,level,tags

Environment Variables:
PATH=/usr/local/sbin:/usr/local/bin:/usr/sbin:/usr/bin:/sbin:/bin
SHELL=/bin/bash
DISPLAY=:0

Signal Handlers:
SIGSEGV: [libjvm.so+0xdc0200], sa_mask[0]=11111111011111111101111111111110, sa_flags=SA_RESTART|SA_SIGINFO
SIGBUS: [libjvm.so+0xdc0200], sa_mask[0]=11111111011111111101111111111110, sa_flags=SA_RESTART|SA_SIGINFO
SIGFPE: [libjvm.so+0xdc0200], sa_mask[0]=11111111011111111101111111111110, sa_flags=SA_RESTART|SA_SIGINFO
SIGPIPE: [libjvm.so+0xb9f710], sa_mask[0]=11111111011111111101111111111110, sa_flags=SA_RESTART|SA_SIGINFO
SIGXFSZ: [libjvm.so+0xb9f710], sa_mask[0]=11111111011111111101111111111110, sa_flags=SA_RESTART|SA_SIGINFO
SIGILL: [libjvm.so+0xdc0200], sa_mask[0]=11111111011111111101111111111110, sa_flags=SA_RESTART|SA_SIGINFO
SIGUSR2: [libjvm.so+0xb9f5a0], sa_mask[0]=00100000000000000000000000000000, sa_flags=SA_RESTART|SA_SIGINFO
SIGHUP: SIG_DFL, sa_mask[0]=00000000000000000000000000000000, sa_flags=none
SIGINT: SIG_DFL, sa_mask[0]=00000000000000000000000000000000, sa_flags=none
SIGTERM: SIG_DFL, sa_mask[0]=00000000000000000000000000000000, sa_flags=none
SIGQUIT: SIG_DFL, sa_mask[0]=00000000000000000000000000000000, sa_flags=none


---------------  S Y S T E M  ---------------

OS:PRETTY_NAME="Debian GNU/Linux 10 (buster)"
NAME="Debian GNU/Linux"
VERSION_ID="10"
VERSION="10 (buster)"
VERSION_CODENAME=buster
ID=debian
HOME_URL="https://www.debian.org/"
SUPPORT_URL="https://www.debian.org/support"
BUG_REPORT_URL="https://bugs.debian.org/"
uname:Linux 4.19.0-11-amd64 #1 SMP Debian 4.19.146-1 (2020-09-17) x86_64
libc:glibc 2.28 NPTL 2.28 
rlimit: STACK 8192k, CORE 0k, NPROC 63525, NOFILE 1048576, AS infinity, DATA infinity, FSIZE infinity
load average:1.15 1.14 1.11

/proc/meminfo:
MemTotal:       16384840 kB
MemFree:          516732 kB
MemAvailable:    1026644 kB
Buffers:           61884 kB
Cached:          1268712 kB
SwapCached:        90240 kB
Active:         12569380 kB
Inactive:        2456812 kB
Active(anon):   12286148 kB
Inactive(anon):  2022496 kB
Active(file):     283232 kB
Inactive(file):   434316 kB
Unevictable:          48 kB
Mlocked:              48 kB
SwapTotal:       1952764 kB
SwapFree:          13236 kB
Dirty:             65456 kB
Writeback:             0 kB
AnonPages:      13609016 kB
Mapped:          1117036 kB
Shmem:            614184 kB
Slab:             307888 kB
SReclaimable:      97980 kB
SUnreclaim:       209908 kB
KernelStack:       40808 kB
PageTables:       143720 kB
NFS_Unstable:          0 kB
Bounce:                0 kB
WritebackTmp:          0 kB
CommitLimit:    10145184 kB
Committed_AS:   44082348 kB
VmallocTotal:   34359738367 kB
VmallocUsed:           0 kB
VmallocChunk:          0 kB
Percpu:             3392 kB
HardwareCorrupted:     0 kB
AnonHugePages:   3428352 kB
ShmemHugePages:        0 kB
ShmemPmdMapped:        0 kB
HugePages_Total:       0
HugePages_Free:        0
HugePages_Rsvd:        0
HugePages_Surp:        0
Hugepagesize:       2048 kB
Hugetlb:               0 kB
DirectMap4k:     1031104 kB
DirectMap2M:    15706112 kB
DirectMap1G:           0 kB


/proc/sys/kernel/threads-max (system-wide limit on the number of threads):
127051


/proc/sys/vm/max_map_count (maximum number of memory map areas a process may have):
262144


/proc/sys/kernel/pid_max (system-wide limit on number of process identifiers):
32768



container (cgroup) information:
container_type: cgroupv1
cpu_cpuset_cpus: 0-5
cpu_memory_nodes: 0
active_processor_count: 6
cpu_quota: no quota
cpu_period: 100000
cpu_shares: no shares
memory_limit_in_bytes: unlimited
memory_and_swap_limit_in_bytes: not supported
memory_soft_limit_in_bytes: unlimited
memory_usage_in_bytes: 14257266688
memory_max_usage_in_bytes: 14748995584

Steal ticks since vm start: 0
Steal ticks percentage since vm start:  0.000

CPU:total 6 (initial active 6) (6 cores per cpu, 1 threads per core) family 6 model 158 stepping 10, cmov, cx8, fxsr, mmx, sse, sse2, sse3, ssse3, sse4.1, sse4.2, popcnt, avx, avx2, aes, clmul, erms, 3dnowpref, lzcnt, tsc, tscinvbit, bmi1, bmi2, adx, fma
CPU Model and flags from /proc/cpuinfo:
model name	: Intel(R) Core(TM) i5-8400 CPU @ 2.80GHz
flags		: fpu vme de pse tsc msr pae mce cx8 apic sep mtrr pge mca cmov pat pse36 clflush dts acpi mmx fxsr sse sse2 ss ht tm pbe syscall nx pdpe1gb rdtscp lm constant_tsc art arch_perfmon pebs bts rep_good nopl xtopology nonstop_tsc cpuid aperfmperf tsc_known_freq pni pclmulqdq dtes64 monitor ds_cpl vmx est tm2 ssse3 sdbg fma cx16 xtpr pdcm pcid sse4_1 sse4_2 x2apic movbe popcnt tsc_deadline_timer aes xsave avx f16c rdrand lahf_lm abm 3dnowprefetch cpuid_fault invpcid_single pti ibrs ibpb stibp tpr_shadow vnmi flexpriority ept vpid ept_ad fsgsbase tsc_adjust bmi1 avx2 smep bmi2 erms invpcid mpx rdseed adx smap clflushopt intel_pt xsaveopt xsavec xgetbv1 xsaves dtherm ida arat pln pts hwp hwp_notify hwp_act_window hwp_epp

Memory: 4k page, physical 16384840k(516732k free), swap 1952764k(13236k free)

vm_info: Java HotSpot(TM) 64-Bit Server VM (13.0.2+8) for linux-amd64 JRE (13.0.2+8), built on Dec 11 2019 09:23:46 by "mach5one" with gcc 8.2.0

END.
